<?xml version="1.0" encoding="UTF-8"?>
<!-- Generated by org.testng.reporters.JUnitReportReporter -->
<testsuite hostname="ADMIN" failures="0" tests="4" name="TestNGPack.InstagramTestNGPack2" time="68.278" errors="0" timestamp="2023-02-17T11:26:10 IST" skipped="0">
  <testcase classname="TestNGPack.InstagramTestNGPack2" name="verifyTerms" time="21.426"/>
  <system-out/>
  <testcase classname="TestNGPack.InstagramTestNGPack2" name="verifyTerms" time="22.094"/>
  <system-out/>
  <testcase classname="TestNGPack.InstagramTestNGPack2" name="verifyCookiesPolicy" time="13.339"/>
  <system-out/>
  <testcase classname="TestNGPack.InstagramTestNGPack2" name="verifyCookiesPolicy" time="11.419"/>
  <system-out/>
</testsuite> <!-- TestNGPack.InstagramTestNGPack2 -->
