<?xml version="1.0" encoding="UTF-8"?>
<!-- Generated by org.testng.reporters.JUnitReportReporter -->
<testsuite hostname="ADMIN" failures="0" tests="4" name="TestNGPack.InstagramTestNGPack2" time="75.797" errors="0" timestamp="2023-02-15T14:40:28 IST" skipped="0">
  <testcase classname="TestNGPack.InstagramTestNGPack2" name="verifyTerms" time="20.953"/>
  <system-out/>
  <testcase classname="TestNGPack.InstagramTestNGPack2" name="verifyTerms" time="26.545"/>
  <system-out/>
  <testcase classname="TestNGPack.InstagramTestNGPack2" name="verifyCookiesPolicy" time="16.477"/>
  <system-out/>
  <testcase classname="TestNGPack.InstagramTestNGPack2" name="verifyCookiesPolicy" time="11.822"/>
  <system-out/>
</testsuite> <!-- TestNGPack.InstagramTestNGPack2 -->
