<?xml version="1.0" encoding="UTF-8"?>
<!-- Generated by org.testng.reporters.JUnitReportReporter -->
<testsuite hostname="ADMIN" failures="0" tests="4" name="TestNGPack.InstagramTestNGPack1" time="34.936" errors="0" timestamp="2023-01-31T16:41:06 IST" skipped="2">
  <testcase classname="TestNGPack.InstagramTestNGPack1" name="verifyTerms" time="22.850"/>
  <system-out/>
  <testcase classname="TestNGPack.InstagramTestNGPack1" name="verifyCookiesPolicy" time="12.086"/>
  <system-out/>
  <testcase classname="TestNGPack.InstagramTestNGPack1" name="signUpLink">
    <skipped/>
  </testcase> <!-- signUpLink -->
  <system-out/>
  <testcase classname="TestNGPack.InstagramTestNGPack1" name="getItFromMicrosoft">
    <skipped/>
  </testcase> <!-- getItFromMicrosoft -->
  <system-out/>
</testsuite> <!-- TestNGPack.InstagramTestNGPack1 -->
